<?xml version="1.0" encoding="UTF-8"?>
<!-- Generated by org.testng.reporters.JUnitReportReporter -->
<testsuite hostname="DESKTOP-D615V7M" failures="0" tests="2" name="Slidone.Slidoneproject.LoginPageTest" time="871.017" errors="0" timestamp="2024-11-21T12:33:40 IST" skipped="0">
  <testcase classname="Slidone.Slidoneproject.LoginPageTest" name="loginTest" time="8.978"/>
  <testcase classname="Slidone.Slidoneproject.LoginPageTest" name="createPresentationTest" time="862.039"/>
</testsuite> <!-- Slidone.Slidoneproject.LoginPageTest -->
