<?xml version="1.0" encoding="UTF-8"?>
<!-- Generated by org.testng.reporters.JUnitReportReporter -->
<testsuite hostname="DESKTOP-D615V7M" failures="0" tests="4" name="Slidone.Slidoneproject.importpres" time="36.260" errors="0" timestamp="2024-12-16T19:30:11 IST" skipped="0">
  <testcase classname="Slidone.Slidoneproject.importpres" name="loginTest" time="2.719"/>
  <testcase classname="Slidone.Slidoneproject.importpres" name="createPresentationTest" time="6.508"/>
  <testcase classname="Slidone.Slidoneproject.importpres" name="PowerPointTest" time="9.856"/>
  <testcase classname="Slidone.Slidoneproject.importpres" name="submitresponse" time="17.177"/>
</testsuite> <!-- Slidone.Slidoneproject.importpres -->
