<?xml version="1.0" encoding="UTF-8"?>
<!-- Generated by org.testng.reporters.JUnitReportReporter -->
<testsuite hostname="DESKTOP-D615V7M" failures="0" tests="4" name="Slidone.Slidoneproject.newlineup" time="68.086" errors="0" timestamp="2024-12-21T12:26:28 IST" skipped="0">
  <testcase classname="Slidone.Slidoneproject.newlineup" name="loginTest" time="5.111"/>
  <testcase classname="Slidone.Slidoneproject.newlineup" name="createPresentationTest" time="6.329"/>
  <testcase classname="Slidone.Slidoneproject.newlineup" name="lineupTest" time="21.867"/>
  <testcase classname="Slidone.Slidoneproject.newlineup" name="submitresponse" time="34.779"/>
</testsuite> <!-- Slidone.Slidoneproject.newlineup -->
